[0.028s] Invoking command in '/home/davinci/ros2_ws/build/ignition_robot': CMAKE_PREFIX_PATH=${CMAKE_PREFIX_PATH}:/opt/ros/jazzy DEBUGINFOD_URLS=https://debuginfod.ubuntu.com /usr/bin/cmake --build /home/davinci/ros2_ws/build/ignition_robot -- -j8 -l8
[0.113s] -- Found ament_cmake: 2.5.4 (/opt/ros/jazzy/share/ament_cmake/cmake)
[0.749s] -- Override CMake install command with custom implementation using symlinks instead of copying resources
[0.764s] -- Found rclcpp: 28.1.9 (/opt/ros/jazzy/share/rclcpp/cmake)
[0.819s] -- Found rosidl_generator_c: 4.6.5 (/opt/ros/jazzy/share/rosidl_generator_c/cmake)
[0.836s] -- Found rosidl_generator_cpp: 4.6.5 (/opt/ros/jazzy/share/rosidl_generator_cpp/cmake)
[0.859s] -- Using all available rosidl_typesupport_c: rosidl_typesupport_fastrtps_c;rosidl_typesupport_introspection_c
[0.886s] -- Using all available rosidl_typesupport_cpp: rosidl_typesupport_fastrtps_cpp;rosidl_typesupport_introspection_cpp
[1.005s] -- Found rmw_implementation_cmake: 7.3.2 (/opt/ros/jazzy/share/rmw_implementation_cmake/cmake)
[1.011s] -- Found rmw_fastrtps_cpp: 8.4.2 (/opt/ros/jazzy/share/rmw_fastrtps_cpp/cmake)
[1.170s] -- Using RMW implementation 'rmw_fastrtps_cpp' as default
[1.295s] -- Found geometry_msgs: 5.3.6 (/opt/ros/jazzy/share/geometry_msgs/cmake)
[1.351s] -- Found sensor_msgs: 5.3.6 (/opt/ros/jazzy/share/sensor_msgs/cmake)
[1.394s] -- Found tf2: 0.36.10 (/opt/ros/jazzy/share/tf2/cmake)
[1.401s] -- Found tf2_ros: 0.36.10 (/opt/ros/jazzy/share/tf2_ros/cmake)
[1.598s] -- Found ros_gz_bridge: 1.0.11 (/opt/ros/jazzy/share/ros_gz_bridge/cmake)
[1.616s] -- Looking for gz-msgs10 -- found version 10.3.2
[1.627s] -- Searching for dependencies of gz-msgs10
[1.669s] -- Looking for gz-utils2 -- found version 2.2.1
[1.669s] -- Searching for dependencies of gz-utils2
[1.673s] -- Looking for gz-math7 -- found version 7.5.2
[1.673s] -- Searching for dependencies of gz-math7
[1.673s] -- Looking for gz-utils2 -- found version 2.2.1
[1.689s] -- Checking for module 'tinyxml2'
[1.742s] --   Found tinyxml2, version 10.0.0
[1.869s] -- Looking for gz-transport13 -- found version 13.4.1
[1.869s] -- Searching for dependencies of gz-transport13
[1.927s] -- Config-file not installed for ZeroMQ -- checking for pkg-config
[1.941s] -- Checking for module 'libzmq >= 4'
[1.990s] --   Found libzmq, version 4.3.5
[2.148s] -- Checking for module 'uuid'
[2.199s] --   Found uuid, version 2.39.3
[2.331s] -- Looking for gz-utils2 -- found version 2.2.1
[2.331s] -- Searching for dependencies of gz-utils2
[2.331s] -- Searching for <gz-utils2> component [cli]
[2.333s] -- Looking for gz-utils2-cli -- found version 2.2.1
[2.333s] -- Searching for dependencies of gz-utils2-cli
[2.335s] -- Looking for gz-msgs10 -- found version 10.3.2
[2.581s] -- Found ros_gz_sim: 1.0.11 (/opt/ros/jazzy/share/ros_gz_sim/cmake)
[2.586s] -- Found ament_lint_auto: 0.17.2 (/opt/ros/jazzy/share/ament_lint_auto/cmake)
[2.904s] -- Added test 'flake8' to check Python code syntax and style conventions
[2.905s] -- Configured 'flake8' exclude dirs and/or files: 
[2.905s] -- Added test 'lint_cmake' to check CMake code style
[2.906s] -- Added test 'pep257' to check Python code against some of the docstring style conventions in PEP 257
[2.909s] -- Added test 'xmllint' to check XML markup files
[2.911s] -- Configuring done (2.8s)
[2.931s] -- Generating done (0.0s)
[2.939s] -- Build files have been written to: /home/davinci/ros2_ws/build/ignition_robot
[3.043s] Invoked command in '/home/davinci/ros2_ws/build/ignition_robot' returned '0': CMAKE_PREFIX_PATH=${CMAKE_PREFIX_PATH}:/opt/ros/jazzy DEBUGINFOD_URLS=https://debuginfod.ubuntu.com /usr/bin/cmake --build /home/davinci/ros2_ws/build/ignition_robot -- -j8 -l8
[3.072s] Invoking command in '/home/davinci/ros2_ws/build/ignition_robot': CMAKE_PREFIX_PATH=${CMAKE_PREFIX_PATH}:/opt/ros/jazzy DEBUGINFOD_URLS=https://debuginfod.ubuntu.com /usr/bin/cmake --install /home/davinci/ros2_ws/build/ignition_robot
[3.095s] -- Install configuration: ""
[3.096s] -- Execute custom install script
[3.096s] -- Up-to-date symlink: /home/davinci/ros2_ws/install/ignition_robot/share/ignition_robot/launch/complete.launch.py
[3.097s] -- Up-to-date symlink: /home/davinci/ros2_ws/install/ignition_robot/share/ignition_robot/launch/display.launch.py
[3.097s] -- Up-to-date symlink: /home/davinci/ros2_ws/install/ignition_robot/share/ignition_robot/launch/gazebo.launch.py
[3.097s] -- Up-to-date symlink: /home/davinci/ros2_ws/install/ignition_robot/share/ignition_robot/launch/tf.launch.py
[3.097s] -- Up-to-date symlink: /home/davinci/ros2_ws/install/ignition_robot/share/ignition_robot/urdf/ignbot.urdf
[3.097s] -- Up-to-date symlink: /home/davinci/ros2_ws/install/ignition_robot/share/ignition_robot/worlds/empty_world.world
[3.097s] -- Up-to-date symlink: /home/davinci/ros2_ws/install/ignition_robot/share/ignition_robot/config/ignbot.rviz
[3.100s] [31mCMake Error at ament_cmake_symlink_install/ament_cmake_symlink_install.cmake:204 (message):
[3.102s]   ament_cmake_symlink_install_programs() can't find
[3.102s]   '/home/davinci/ros2_ws/src/ignition_robot/odom_tf_publisher.py'
[3.102s] Call Stack (most recent call first):
[3.102s]   ament_cmake_symlink_install/ament_cmake_symlink_install.cmake:317 (ament_cmake_symlink_install_programs)
[3.102s]   cmake_install.cmake:46 (include)
[3.103s] 
[3.103s] [0m
[3.104s] Invoked command in '/home/davinci/ros2_ws/build/ignition_robot' returned '1': CMAKE_PREFIX_PATH=${CMAKE_PREFIX_PATH}:/opt/ros/jazzy DEBUGINFOD_URLS=https://debuginfod.ubuntu.com /usr/bin/cmake --install /home/davinci/ros2_ws/build/ignition_robot
