[0.012s] Invoking command in '/home/davinci/ros2_ws/build/ignition_robot': CMAKE_PREFIX_PATH=${CMAKE_PREFIX_PATH}:/opt/ros/jazzy DEBUGINFOD_URLS=https://debuginfod.ubuntu.com /usr/bin/cmake --build /home/davinci/ros2_ws/build/ignition_robot -- -j8 -l8
[0.068s] Invoked command in '/home/davinci/ros2_ws/build/ignition_robot' returned '0': CMAKE_PREFIX_PATH=${CMAKE_PREFIX_PATH}:/opt/ros/jazzy DEBUGINFOD_URLS=https://debuginfod.ubuntu.com /usr/bin/cmake --build /home/davinci/ros2_ws/build/ignition_robot -- -j8 -l8
[0.085s] Invoking command in '/home/davinci/ros2_ws/build/ignition_robot': CMAKE_PREFIX_PATH=${CMAKE_PREFIX_PATH}:/opt/ros/jazzy DEBUGINFOD_URLS=https://debuginfod.ubuntu.com /usr/bin/cmake --install /home/davinci/ros2_ws/build/ignition_robot
[0.100s] -- Install configuration: ""
[0.100s] -- Execute custom install script
[0.101s] -- Up-to-date symlink: /home/davinci/ros2_ws/install/ignition_robot/share/ignition_robot/launch/complete.launch.py
[0.102s] -- Up-to-date symlink: /home/davinci/ros2_ws/install/ignition_robot/share/ignition_robot/launch/display.launch.py
[0.102s] -- Up-to-date symlink: /home/davinci/ros2_ws/install/ignition_robot/share/ignition_robot/launch/gazebo.launch.py
[0.102s] -- Up-to-date symlink: /home/davinci/ros2_ws/install/ignition_robot/share/ignition_robot/launch/tf.launch.py
[0.103s] -- Up-to-date symlink: /home/davinci/ros2_ws/install/ignition_robot/share/ignition_robot/urdf/ignbot.urdf
[0.104s] -- Up-to-date symlink: /home/davinci/ros2_ws/install/ignition_robot/share/ignition_robot/worlds/empty_world.world
[0.104s] -- Up-to-date symlink: /home/davinci/ros2_ws/install/ignition_robot/share/ignition_robot/config/ignbot.rviz
[0.105s] -- Up-to-date symlink: /home/davinci/ros2_ws/install/ignition_robot/lib/ignition_robot/odom_tf_publisher.py
[0.106s] -- Up-to-date symlink: /home/davinci/ros2_ws/install/ignition_robot/share/ament_index/resource_index/package_run_dependencies/ignition_robot
[0.106s] -- Up-to-date symlink: /home/davinci/ros2_ws/install/ignition_robot/share/ament_index/resource_index/parent_prefix_path/ignition_robot
[0.107s] -- Up-to-date symlink: /home/davinci/ros2_ws/install/ignition_robot/share/ignition_robot/environment/ament_prefix_path.sh
[0.107s] -- Up-to-date symlink: /home/davinci/ros2_ws/install/ignition_robot/share/ignition_robot/environment/ament_prefix_path.dsv
[0.108s] -- Up-to-date symlink: /home/davinci/ros2_ws/install/ignition_robot/share/ignition_robot/environment/path.sh
[0.108s] -- Up-to-date symlink: /home/davinci/ros2_ws/install/ignition_robot/share/ignition_robot/environment/path.dsv
[0.108s] -- Up-to-date symlink: /home/davinci/ros2_ws/install/ignition_robot/share/ignition_robot/local_setup.bash
[0.109s] -- Up-to-date symlink: /home/davinci/ros2_ws/install/ignition_robot/share/ignition_robot/local_setup.sh
[0.109s] -- Up-to-date symlink: /home/davinci/ros2_ws/install/ignition_robot/share/ignition_robot/local_setup.zsh
[0.110s] -- Up-to-date symlink: /home/davinci/ros2_ws/install/ignition_robot/share/ignition_robot/local_setup.dsv
[0.110s] -- Symlinking: /home/davinci/ros2_ws/install/ignition_robot/share/ignition_robot/package.dsv
[0.127s] -- Up-to-date symlink: /home/davinci/ros2_ws/install/ignition_robot/share/ament_index/resource_index/packages/ignition_robot
[0.127s] -- Up-to-date symlink: /home/davinci/ros2_ws/install/ignition_robot/share/ignition_robot/cmake/ignition_robotConfig.cmake
[0.128s] -- Up-to-date symlink: /home/davinci/ros2_ws/install/ignition_robot/share/ignition_robot/cmake/ignition_robotConfig-version.cmake
[0.128s] -- Up-to-date symlink: /home/davinci/ros2_ws/install/ignition_robot/share/ignition_robot/package.xml
[0.132s] Invoked command in '/home/davinci/ros2_ws/build/ignition_robot' returned '0': CMAKE_PREFIX_PATH=${CMAKE_PREFIX_PATH}:/opt/ros/jazzy DEBUGINFOD_URLS=https://debuginfod.ubuntu.com /usr/bin/cmake --install /home/davinci/ros2_ws/build/ignition_robot
