[0.011s] Invoking command in '/home/davinci/ros2_ws/build/ignition_robot': CMAKE_PREFIX_PATH=${CMAKE_PREFIX_PATH}:/opt/ros/jazzy DEBUGINFOD_URLS=https://debuginfod.ubuntu.com /usr/bin/cmake --build /home/davinci/ros2_ws/build/ignition_robot -- -j8 -l8
[0.038s] -- Found ament_cmake: 2.5.4 (/opt/ros/jazzy/share/ament_cmake/cmake)
[0.336s] -- Override CMake install command with custom implementation using symlinks instead of copying resources
[0.342s] -- Found rclcpp: 28.1.9 (/opt/ros/jazzy/share/rclcpp/cmake)
[0.389s] -- Found rosidl_generator_c: 4.6.5 (/opt/ros/jazzy/share/rosidl_generator_c/cmake)
[0.401s] -- Found rosidl_generator_cpp: 4.6.5 (/opt/ros/jazzy/share/rosidl_generator_cpp/cmake)
[0.413s] -- Using all available rosidl_typesupport_c: rosidl_typesupport_fastrtps_c;rosidl_typesupport_introspection_c
[0.427s] -- Using all available rosidl_typesupport_cpp: rosidl_typesupport_fastrtps_cpp;rosidl_typesupport_introspection_cpp
[0.496s] -- Found rmw_implementation_cmake: 7.3.2 (/opt/ros/jazzy/share/rmw_implementation_cmake/cmake)
[0.497s] -- Found rmw_fastrtps_cpp: 8.4.2 (/opt/ros/jazzy/share/rmw_fastrtps_cpp/cmake)
[0.562s] -- Using RMW implementation 'rmw_fastrtps_cpp' as default
[0.627s] -- Found geometry_msgs: 5.3.6 (/opt/ros/jazzy/share/geometry_msgs/cmake)
[0.656s] -- Found sensor_msgs: 5.3.6 (/opt/ros/jazzy/share/sensor_msgs/cmake)
[0.679s] -- Found tf2: 0.36.10 (/opt/ros/jazzy/share/tf2/cmake)
[0.683s] -- Found tf2_ros: 0.36.10 (/opt/ros/jazzy/share/tf2_ros/cmake)
[0.793s] -- Found ros_gz_bridge: 1.0.11 (/opt/ros/jazzy/share/ros_gz_bridge/cmake)
[0.815s] -- Looking for gz-msgs10 -- found version 10.3.2
[0.824s] -- Searching for dependencies of gz-msgs10
[1.014s] -- Found Protobuf: /usr/lib/x86_64-linux-gnu/libprotobuf.so (found version "3.21.12") 
[1.019s] -- Looking for gz-utils2 -- found version 2.2.1
[1.020s] -- Searching for dependencies of gz-utils2
[1.024s] -- Looking for gz-math7 -- found version 7.5.2
[1.025s] -- Searching for dependencies of gz-math7
[1.025s] -- Looking for gz-utils2 -- found version 2.2.1
[1.036s] -- Checking for module 'tinyxml2'
[1.065s] --   Found tinyxml2, version 10.0.0
[1.135s] -- Looking for gz-transport13 -- found version 13.4.1
[1.135s] -- Searching for dependencies of gz-transport13
[1.186s] -- Config-file not installed for ZeroMQ -- checking for pkg-config
[1.191s] -- Checking for module 'libzmq >= 4'
[1.212s] --   Found libzmq, version 4.3.5
[1.285s] -- Found ZeroMQ: TRUE (Required is at least version "4") 
[1.297s] -- Checking for module 'uuid'
[1.327s] --   Found uuid, version 2.39.3
[1.385s] -- Found UUID: TRUE  
[1.386s] -- Looking for gz-utils2 -- found version 2.2.1
[1.386s] -- Searching for dependencies of gz-utils2
[1.386s] -- Searching for <gz-utils2> component [cli]
[1.391s] -- Looking for gz-utils2-cli -- found version 2.2.1
[1.391s] -- Searching for dependencies of gz-utils2-cli
[1.393s] -- Looking for gz-msgs10 -- found version 10.3.2
[1.592s] -- Found ros_gz_sim: 1.0.11 (/opt/ros/jazzy/share/ros_gz_sim/cmake)
[1.597s] -- Found ament_lint_auto: 0.17.2 (/opt/ros/jazzy/share/ament_lint_auto/cmake)
[1.716s] -- Added test 'flake8' to check Python code syntax and style conventions
[1.716s] -- Configured 'flake8' exclude dirs and/or files: 
[1.717s] -- Added test 'lint_cmake' to check CMake code style
[1.717s] -- Added test 'pep257' to check Python code against some of the docstring style conventions in PEP 257
[1.719s] -- Added test 'xmllint' to check XML markup files
[1.720s] -- Configuring done (1.7s)
[1.726s] -- Generating done (0.0s)
[1.730s] -- Build files have been written to: /home/davinci/ros2_ws/build/ignition_robot
[1.783s] Invoked command in '/home/davinci/ros2_ws/build/ignition_robot' returned '0': CMAKE_PREFIX_PATH=${CMAKE_PREFIX_PATH}:/opt/ros/jazzy DEBUGINFOD_URLS=https://debuginfod.ubuntu.com /usr/bin/cmake --build /home/davinci/ros2_ws/build/ignition_robot -- -j8 -l8
[1.801s] Invoking command in '/home/davinci/ros2_ws/build/ignition_robot': CMAKE_PREFIX_PATH=${CMAKE_PREFIX_PATH}:/opt/ros/jazzy DEBUGINFOD_URLS=https://debuginfod.ubuntu.com /usr/bin/cmake --install /home/davinci/ros2_ws/build/ignition_robot
[1.816s] -- Install configuration: ""
[1.817s] -- Execute custom install script
[1.818s] -- Symlinking: /home/davinci/ros2_ws/install/ignition_robot/share/ignition_robot/launch/complete.launch.py
[1.834s] -- Symlinking: /home/davinci/ros2_ws/install/ignition_robot/share/ignition_robot/launch/display.launch.py
[1.852s] -- Symlinking: /home/davinci/ros2_ws/install/ignition_robot/share/ignition_robot/launch/gazebo.launch.py
[1.869s] -- Symlinking: /home/davinci/ros2_ws/install/ignition_robot/share/ignition_robot/urdf/ignbot.urdf
[1.886s] -- Symlinking: /home/davinci/ros2_ws/install/ignition_robot/share/ignition_robot/worlds/empty_world.world
[1.904s] -- Symlinking: /home/davinci/ros2_ws/install/ignition_robot/share/ignition_robot/config/ignbot.rviz
[1.921s] -- Up-to-date symlink: /home/davinci/ros2_ws/install/ignition_robot/share/ament_index/resource_index/package_run_dependencies/ignition_robot
[1.921s] -- Up-to-date symlink: /home/davinci/ros2_ws/install/ignition_robot/share/ament_index/resource_index/parent_prefix_path/ignition_robot
[1.922s] -- Up-to-date symlink: /home/davinci/ros2_ws/install/ignition_robot/share/ignition_robot/environment/ament_prefix_path.sh
[1.922s] -- Up-to-date symlink: /home/davinci/ros2_ws/install/ignition_robot/share/ignition_robot/environment/ament_prefix_path.dsv
[1.922s] -- Up-to-date symlink: /home/davinci/ros2_ws/install/ignition_robot/share/ignition_robot/environment/path.sh
[1.922s] -- Up-to-date symlink: /home/davinci/ros2_ws/install/ignition_robot/share/ignition_robot/environment/path.dsv
[1.922s] -- Up-to-date symlink: /home/davinci/ros2_ws/install/ignition_robot/share/ignition_robot/local_setup.bash
[1.923s] -- Up-to-date symlink: /home/davinci/ros2_ws/install/ignition_robot/share/ignition_robot/local_setup.sh
[1.923s] -- Up-to-date symlink: /home/davinci/ros2_ws/install/ignition_robot/share/ignition_robot/local_setup.zsh
[1.923s] -- Up-to-date symlink: /home/davinci/ros2_ws/install/ignition_robot/share/ignition_robot/local_setup.dsv
[1.924s] -- Symlinking: /home/davinci/ros2_ws/install/ignition_robot/share/ignition_robot/package.dsv
[1.942s] -- Up-to-date symlink: /home/davinci/ros2_ws/install/ignition_robot/share/ament_index/resource_index/packages/ignition_robot
[1.942s] -- Up-to-date symlink: /home/davinci/ros2_ws/install/ignition_robot/share/ignition_robot/cmake/ignition_robotConfig.cmake
[1.942s] -- Up-to-date symlink: /home/davinci/ros2_ws/install/ignition_robot/share/ignition_robot/cmake/ignition_robotConfig-version.cmake
[1.942s] -- Up-to-date symlink: /home/davinci/ros2_ws/install/ignition_robot/share/ignition_robot/package.xml
[1.946s] Invoked command in '/home/davinci/ros2_ws/build/ignition_robot' returned '0': CMAKE_PREFIX_PATH=${CMAKE_PREFIX_PATH}:/opt/ros/jazzy DEBUGINFOD_URLS=https://debuginfod.ubuntu.com /usr/bin/cmake --install /home/davinci/ros2_ws/build/ignition_robot
