[0.011s] Invoking command in '/home/davinci/ros2_ws/build/ignition_robot': CMAKE_PREFIX_PATH=${CMAKE_PREFIX_PATH}:/opt/ros/jazzy DEBUGINFOD_URLS=https://debuginfod.ubuntu.com /usr/bin/cmake /home/davinci/ros2_ws/src/ignition_robot -DCMAKE_INSTALL_PREFIX=/home/davinci/ros2_ws/install/ignition_robot
[0.029s] -- Found ament_cmake: 2.5.4 (/opt/ros/jazzy/share/ament_cmake/cmake)
[0.295s] -- Override CMake install command with custom implementation using symlinks instead of copying resources
[0.311s] -- Found rclcpp: 28.1.9 (/opt/ros/jazzy/share/rclcpp/cmake)
[0.368s] -- Found rosidl_generator_c: 4.6.5 (/opt/ros/jazzy/share/rosidl_generator_c/cmake)
[0.383s] -- Found rosidl_generator_cpp: 4.6.5 (/opt/ros/jazzy/share/rosidl_generator_cpp/cmake)
[0.398s] -- Using all available rosidl_typesupport_c: rosidl_typesupport_fastrtps_c;rosidl_typesupport_introspection_c
[0.414s] -- Using all available rosidl_typesupport_cpp: rosidl_typesupport_fastrtps_cpp;rosidl_typesupport_introspection_cpp
[0.488s] -- Found rmw_implementation_cmake: 7.3.2 (/opt/ros/jazzy/share/rmw_implementation_cmake/cmake)
[0.490s] -- Found rmw_fastrtps_cpp: 8.4.2 (/opt/ros/jazzy/share/rmw_fastrtps_cpp/cmake)
[0.563s] -- Using RMW implementation 'rmw_fastrtps_cpp' as default
[0.636s] -- Found geometry_msgs: 5.3.6 (/opt/ros/jazzy/share/geometry_msgs/cmake)
[0.670s] -- Found sensor_msgs: 5.3.6 (/opt/ros/jazzy/share/sensor_msgs/cmake)
[0.695s] -- Found tf2: 0.36.10 (/opt/ros/jazzy/share/tf2/cmake)
[0.699s] -- Found tf2_ros: 0.36.10 (/opt/ros/jazzy/share/tf2_ros/cmake)
[0.823s] -- Found ros_gz_bridge: 1.0.11 (/opt/ros/jazzy/share/ros_gz_bridge/cmake)
[0.833s] -- Looking for gz-msgs10 -- found version 10.3.2
[0.842s] -- Searching for dependencies of gz-msgs10
[0.865s] -- Looking for gz-utils2 -- found version 2.2.1
[0.866s] -- Searching for dependencies of gz-utils2
[0.867s] -- Looking for gz-math7 -- found version 7.5.2
[0.867s] -- Searching for dependencies of gz-math7
[0.867s] -- Looking for gz-utils2 -- found version 2.2.1
[0.873s] -- Checking for module 'tinyxml2'
[0.891s] --   Found tinyxml2, version 10.0.0
[0.948s] -- Looking for gz-transport13 -- found version 13.4.1
[0.949s] -- Searching for dependencies of gz-transport13
[1.000s] -- Config-file not installed for ZeroMQ -- checking for pkg-config
[1.006s] -- Checking for module 'libzmq >= 4'
[1.026s] --   Found libzmq, version 4.3.5
[1.104s] -- Checking for module 'uuid'
[1.130s] --   Found uuid, version 2.39.3
[1.184s] -- Looking for gz-utils2 -- found version 2.2.1
[1.184s] -- Searching for dependencies of gz-utils2
[1.184s] -- Searching for <gz-utils2> component [cli]
[1.185s] -- Looking for gz-utils2-cli -- found version 2.2.1
[1.186s] -- Searching for dependencies of gz-utils2-cli
[1.187s] -- Looking for gz-msgs10 -- found version 10.3.2
[1.367s] -- Found ros_gz_sim: 1.0.11 (/opt/ros/jazzy/share/ros_gz_sim/cmake)
[1.370s] -- Found ament_lint_auto: 0.17.2 (/opt/ros/jazzy/share/ament_lint_auto/cmake)
[1.494s] -- Added test 'flake8' to check Python code syntax and style conventions
[1.494s] -- Configured 'flake8' exclude dirs and/or files: 
[1.494s] -- Added test 'lint_cmake' to check CMake code style
[1.495s] -- Added test 'pep257' to check Python code against some of the docstring style conventions in PEP 257
[1.497s] -- Added test 'xmllint' to check XML markup files
[1.498s] -- Configuring done (1.5s)
[1.511s] -- Generating done (0.0s)
[1.519s] -- Build files have been written to: /home/davinci/ros2_ws/build/ignition_robot
[1.541s] Invoked command in '/home/davinci/ros2_ws/build/ignition_robot' returned '0': CMAKE_PREFIX_PATH=${CMAKE_PREFIX_PATH}:/opt/ros/jazzy DEBUGINFOD_URLS=https://debuginfod.ubuntu.com /usr/bin/cmake /home/davinci/ros2_ws/src/ignition_robot -DCMAKE_INSTALL_PREFIX=/home/davinci/ros2_ws/install/ignition_robot
[1.543s] Invoking command in '/home/davinci/ros2_ws/build/ignition_robot': CMAKE_PREFIX_PATH=${CMAKE_PREFIX_PATH}:/opt/ros/jazzy DEBUGINFOD_URLS=https://debuginfod.ubuntu.com /usr/bin/cmake --build /home/davinci/ros2_ws/build/ignition_robot -- -j8 -l8
[1.621s] Invoked command in '/home/davinci/ros2_ws/build/ignition_robot' returned '0': CMAKE_PREFIX_PATH=${CMAKE_PREFIX_PATH}:/opt/ros/jazzy DEBUGINFOD_URLS=https://debuginfod.ubuntu.com /usr/bin/cmake --build /home/davinci/ros2_ws/build/ignition_robot -- -j8 -l8
[1.638s] Invoking command in '/home/davinci/ros2_ws/build/ignition_robot': CMAKE_PREFIX_PATH=${CMAKE_PREFIX_PATH}:/opt/ros/jazzy DEBUGINFOD_URLS=https://debuginfod.ubuntu.com /usr/bin/cmake --install /home/davinci/ros2_ws/build/ignition_robot
[1.652s] -- Install configuration: ""
[1.653s] -- Execute custom install script
[1.653s] -- Up-to-date symlink: /home/davinci/ros2_ws/install/ignition_robot/share/ignition_robot/launch/complete.launch.py
[1.654s] -- Up-to-date symlink: /home/davinci/ros2_ws/install/ignition_robot/share/ignition_robot/launch/display.launch.py
[1.654s] -- Up-to-date symlink: /home/davinci/ros2_ws/install/ignition_robot/share/ignition_robot/launch/gazebo.launch.py
[1.654s] -- Up-to-date symlink: /home/davinci/ros2_ws/install/ignition_robot/share/ignition_robot/urdf/ignbot.urdf
[1.654s] -- Up-to-date symlink: /home/davinci/ros2_ws/install/ignition_robot/share/ignition_robot/worlds/empty_world.world
[1.655s] -- Up-to-date symlink: /home/davinci/ros2_ws/install/ignition_robot/share/ignition_robot/config/ignbot.rviz
[1.655s] -- Up-to-date symlink: /home/davinci/ros2_ws/install/ignition_robot/share/ament_index/resource_index/package_run_dependencies/ignition_robot
[1.656s] -- Up-to-date symlink: /home/davinci/ros2_ws/install/ignition_robot/share/ament_index/resource_index/parent_prefix_path/ignition_robot
[1.656s] -- Up-to-date symlink: /home/davinci/ros2_ws/install/ignition_robot/share/ignition_robot/environment/ament_prefix_path.sh
[1.656s] -- Up-to-date symlink: /home/davinci/ros2_ws/install/ignition_robot/share/ignition_robot/environment/ament_prefix_path.dsv
[1.656s] -- Up-to-date symlink: /home/davinci/ros2_ws/install/ignition_robot/share/ignition_robot/environment/path.sh
[1.657s] -- Up-to-date symlink: /home/davinci/ros2_ws/install/ignition_robot/share/ignition_robot/environment/path.dsv
[1.657s] -- Up-to-date symlink: /home/davinci/ros2_ws/install/ignition_robot/share/ignition_robot/local_setup.bash
[1.657s] -- Up-to-date symlink: /home/davinci/ros2_ws/install/ignition_robot/share/ignition_robot/local_setup.sh
[1.657s] -- Up-to-date symlink: /home/davinci/ros2_ws/install/ignition_robot/share/ignition_robot/local_setup.zsh
[1.657s] -- Up-to-date symlink: /home/davinci/ros2_ws/install/ignition_robot/share/ignition_robot/local_setup.dsv
[1.658s] -- Symlinking: /home/davinci/ros2_ws/install/ignition_robot/share/ignition_robot/package.dsv
[1.674s] -- Up-to-date symlink: /home/davinci/ros2_ws/install/ignition_robot/share/ament_index/resource_index/packages/ignition_robot
[1.674s] -- Up-to-date symlink: /home/davinci/ros2_ws/install/ignition_robot/share/ignition_robot/cmake/ignition_robotConfig.cmake
[1.674s] -- Up-to-date symlink: /home/davinci/ros2_ws/install/ignition_robot/share/ignition_robot/cmake/ignition_robotConfig-version.cmake
[1.675s] -- Up-to-date symlink: /home/davinci/ros2_ws/install/ignition_robot/share/ignition_robot/package.xml
[1.678s] Invoked command in '/home/davinci/ros2_ws/build/ignition_robot' returned '0': CMAKE_PREFIX_PATH=${CMAKE_PREFIX_PATH}:/opt/ros/jazzy DEBUGINFOD_URLS=https://debuginfod.ubuntu.com /usr/bin/cmake --install /home/davinci/ros2_ws/build/ignition_robot
